E0813 02:10:57.373877   35985 load.go:23] Could not load config from "/home/user/studio/dataconnect": could not find dataconnect.yaml in `/home/user/studio/dataconnect`
E0813 02:10:57.374213   35985 watch.go:76] watchAllDir unable to walk dir `/home/user/studio/dataconnect`: on path "/home/user/studio/dataconnect" (DirEntry: <nil>): lstat /home/user/studio/dataconnect: no such file or directory
I0813 02:10:57.396586   35985 dev.go:95] Listening on address (HTTP + gRPC): 127.0.0.1:50001
E0813 02:11:07.374500   35985 load.go:23] Could not load config from "/home/user/studio/dataconnect": could not find dataconnect.yaml in `/home/user/studio/dataconnect`
E0813 02:11:17.383775   35985 load.go:23] Could not load config from "/home/user/studio/dataconnect": could not find dataconnect.yaml in `/home/user/studio/dataconnect`
E0813 02:11:27.374430   35985 load.go:23] Could not load config from "/home/user/studio/dataconnect": could not find dataconnect.yaml in `/home/user/studio/dataconnect`
E0813 02:11:37.374590   35985 load.go:23] Could not load config from "/home/user/studio/dataconnect": could not find dataconnect.yaml in `/home/user/studio/dataconnect`
E0813 02:11:47.381233   35985 load.go:23] Could not load config from "/home/user/studio/dataconnect": could not find dataconnect.yaml in `/home/user/studio/dataconnect`
E0813 02:11:57.375446   35985 load.go:23] Could not load config from "/home/user/studio/dataconnect": could not find dataconnect.yaml in `/home/user/studio/dataconnect`
E0813 02:12:07.375507   35985 load.go:23] Could not load config from "/home/user/studio/dataconnect": could not find dataconnect.yaml in `/home/user/studio/dataconnect`
E0813 02:12:17.377309   35985 load.go:23] Could not load config from "/home/user/studio/dataconnect": could not find dataconnect.yaml in `/home/user/studio/dataconnect`
E0813 02:12:27.375358   35985 load.go:23] Could not load config from "/home/user/studio/dataconnect": could not find dataconnect.yaml in `/home/user/studio/dataconnect`
E0813 02:12:37.375998   35985 load.go:23] Could not load config from "/home/user/studio/dataconnect": could not find dataconnect.yaml in `/home/user/studio/dataconnect`
E0813 02:12:47.384139   35985 load.go:23] Could not load config from "/home/user/studio/dataconnect": could not find dataconnect.yaml in `/home/user/studio/dataconnect`
E0813 02:12:57.374801   35985 load.go:23] Could not load config from "/home/user/studio/dataconnect": could not find dataconnect.yaml in `/home/user/studio/dataconnect`
E0813 02:12:57.374872   35985 watch.go:76] watchAllDir unable to walk dir `/home/user/studio/dataconnect`: on path "/home/user/studio/dataconnect" (DirEntry: <nil>): lstat /home/user/studio/dataconnect: no such file or directory
E0813 02:13:07.375205   35985 load.go:23] Could not load config from "/home/user/studio/dataconnect": could not find dataconnect.yaml in `/home/user/studio/dataconnect`
E0813 02:13:17.374513   35985 load.go:23] Could not load config from "/home/user/studio/dataconnect": could not find dataconnect.yaml in `/home/user/studio/dataconnect`
E0813 02:13:27.374841   35985 load.go:23] Could not load config from "/home/user/studio/dataconnect": could not find dataconnect.yaml in `/home/user/studio/dataconnect`
E0813 02:13:37.376174   35985 load.go:23] Could not load config from "/home/user/studio/dataconnect": could not find dataconnect.yaml in `/home/user/studio/dataconnect`
E0813 02:13:47.376076   35985 load.go:23] Could not load config from "/home/user/studio/dataconnect": could not find dataconnect.yaml in `/home/user/studio/dataconnect`
E0813 02:13:57.374984   35985 load.go:23] Could not load config from "/home/user/studio/dataconnect": could not find dataconnect.yaml in `/home/user/studio/dataconnect`
E0813 02:14:07.376002   35985 load.go:23] Could not load config from "/home/user/studio/dataconnect": could not find dataconnect.yaml in `/home/user/studio/dataconnect`
E0813 02:14:17.374524   35985 load.go:23] Could not load config from "/home/user/studio/dataconnect": could not find dataconnect.yaml in `/home/user/studio/dataconnect`
E0813 02:14:27.374622   35985 load.go:23] Could not load config from "/home/user/studio/dataconnect": could not find dataconnect.yaml in `/home/user/studio/dataconnect`
E0813 02:14:37.378192   35985 load.go:23] Could not load config from "/home/user/studio/dataconnect": could not find dataconnect.yaml in `/home/user/studio/dataconnect`
E0813 02:14:47.376105   35985 load.go:23] Could not load config from "/home/user/studio/dataconnect": could not find dataconnect.yaml in `/home/user/studio/dataconnect`
E0813 02:14:57.374723   35985 load.go:23] Could not load config from "/home/user/studio/dataconnect": could not find dataconnect.yaml in `/home/user/studio/dataconnect`
E0813 02:14:57.374788   35985 watch.go:76] watchAlldy
Dir unable to walk dir `/home/user/studio/dataconnect`: on path "/home/user/studio/dataconnect" (DirEntry: <nil>): lstat /home/user/studio/dataconnect: no such file or directory
E0813 02:15:07.381550   35985 load.go:23] Could not load config from "/home/user/studio/dataconnect": could not find dataconnect.yaml in `/home/user/studio/dataconnect`
E0813 02:15:17.374964   35985 load.go:23] Could not load config from "/home/user/studio/dataconnect": could not find dataconnect.yaml in `/home/user/studio/dataconnect`
